<?xml version="1.0" encoding="UTF-8"?>
<!-- Generated by org.testng.reporters.JUnitXMLReporter -->
<testsuite hostname="ChethanBidare-pc" ignored="0" name="Default test" tests="2" failures="0" timestamp="20 Feb 2018 12:03:44 GMT" time="119.009" errors="0">
  <testcase name="login" time="62.163" classname="c2info_ElMob.SalesTC.TC_001_VerifyStockAfterSale"/>
  <testcase name="verifyStockAfterSale" time="39.912" classname="c2info_ElMob.SalesTC.TC_001_VerifyStockAfterSale"/>
</testsuite> <!-- Default test -->
