<?xml version="1.0" encoding="UTF-8"?>
<!-- Generated by org.testng.reporters.JUnitXMLReporter -->
<testsuite hostname="ChethanBidare-pc" ignored="0" name="Test" tests="32" failures="19" timestamp="14 Mar 2018 11:13:01 GMT" time="3400.518" errors="0">
  <testcase name="verifyHighestMrp" time="1.727" classname="c2info_ElMob.SalesReturnTC.TC_002_VerifyHighestMrpIsDisplayed">
    <failure type="org.openqa.selenium.NoSuchElementException" message="Can&amp;apos;t locate an element by this strategy: By.id: com.c2info.ecolite:id/radio_new_sale_return
For documentation on this error, please visit: http://seleniumhq.org/exceptions/no_such_element.html
Build info: version: &amp;apos;2.53.1&amp;apos;, revision: &amp;apos;a36b8b1cd5757287168e54b817830adce9b0158d&amp;apos;, time: &amp;apos;2016-06-30 19:26:09&amp;apos;
System info: host: &amp;apos;ChethanBidare-pc&amp;apos;, ip: &amp;apos;172.16.18.229&amp;apos;, os.name: &amp;apos;Windows 10&amp;apos;, os.arch: &amp;apos;amd64&amp;apos;, os.version: &amp;apos;10.0&amp;apos;, java.version: &amp;apos;1.8.0_144&amp;apos;
Driver info: driver.version: unknown">
      <![CDATA[org.openqa.selenium.NoSuchElementException: Can't locate an element by this strategy: By.id: com.c2info.ecolite:id/radio_new_sale_return
For documentation on this error, please visit: http://seleniumhq.org/exceptions/no_such_element.html
Build info: version: '2.53.1', revision: 'a36b8b1cd5757287168e54b817830adce9b0158d', time: '2016-06-30 19:26:09'
System info: host: 'ChethanBidare-pc', ip: '172.16.18.229', os.name: 'Windows 10', os.arch: 'amd64', os.version: '10.0', java.version: '1.8.0_144'
Driver info: driver.version: unknown
	at io.appium.java_client.pagefactory.AppiumElementLocator.findElement(AppiumElementLocator.java:152)
	at io.appium.java_client.pagefactory.interceptors.InterceptorOfASingleElement.intercept(InterceptorOfASingleElement.java:51)
	at io.appium.java_client.android.AndroidElement$$EnhancerByCGLIB$$d0561da7.click(<generated>)
	at c2info_ElMob.UI_Actions.HomePage.selectSalesreturnCheckbox(HomePage.java:90)
	at c2info_ElMob.SalesReturnTC.TC_002_VerifyHighestMrpIsDisplayed.verifyHighestMrp(TC_002_VerifyHighestMrpIsDisplayed.java:29)
... Removed 25 stack frames]]>
    </failure>
  </testcase> <!-- verifyHighestMrp -->
  <testcase name="verifyStock" time="25.63" classname="c2info_ElMob.SalesReturnTC.TC_003_verifyStockInItemListPage"/>
  <testcase name="verifyStock" time="1.045" classname="c2info_ElMob.SalesReturnTC.TC_004_VerifyStockAfterAddingToCart">
    <failure type="org.openqa.selenium.NoSuchElementException" message="Can&amp;apos;t locate an element by this strategy: By.id: com.c2info.ecolite:id/radio_new_sale_return
For documentation on this error, please visit: http://seleniumhq.org/exceptions/no_such_element.html
Build info: version: &amp;apos;2.53.1&amp;apos;, revision: &amp;apos;a36b8b1cd5757287168e54b817830adce9b0158d&amp;apos;, time: &amp;apos;2016-06-30 19:26:09&amp;apos;
System info: host: &amp;apos;ChethanBidare-pc&amp;apos;, ip: &amp;apos;172.16.18.229&amp;apos;, os.name: &amp;apos;Windows 10&amp;apos;, os.arch: &amp;apos;amd64&amp;apos;, os.version: &amp;apos;10.0&amp;apos;, java.version: &amp;apos;1.8.0_144&amp;apos;
Driver info: driver.version: unknown">
      <![CDATA[org.openqa.selenium.NoSuchElementException: Can't locate an element by this strategy: By.id: com.c2info.ecolite:id/radio_new_sale_return
For documentation on this error, please visit: http://seleniumhq.org/exceptions/no_such_element.html
Build info: version: '2.53.1', revision: 'a36b8b1cd5757287168e54b817830adce9b0158d', time: '2016-06-30 19:26:09'
System info: host: 'ChethanBidare-pc', ip: '172.16.18.229', os.name: 'Windows 10', os.arch: 'amd64', os.version: '10.0', java.version: '1.8.0_144'
Driver info: driver.version: unknown
	at io.appium.java_client.pagefactory.AppiumElementLocator.findElement(AppiumElementLocator.java:152)
	at io.appium.java_client.pagefactory.interceptors.InterceptorOfASingleElement.intercept(InterceptorOfASingleElement.java:51)
	at io.appium.java_client.android.AndroidElement$$EnhancerByCGLIB$$d0561da7.click(<generated>)
	at c2info_ElMob.UI_Actions.HomePage.selectSalesreturnCheckbox(HomePage.java:90)
	at c2info_ElMob.SalesReturnTC.TC_004_VerifyStockAfterAddingToCart.verifyStock(TC_004_VerifyStockAfterAddingToCart.java:28)
... Removed 25 stack frames]]>
    </failure>
  </testcase> <!-- verifyStock -->
  <testcase name="verifySingleItemDisc" time="1.341" classname="c2info_ElMob.SalesReturnTC.TC_005_VerifyDiscountForSingleItem">
    <failure type="org.openqa.selenium.NoSuchElementException" message="Can&amp;apos;t locate an element by this strategy: By.id: com.c2info.ecolite:id/radio_new_sale_return
For documentation on this error, please visit: http://seleniumhq.org/exceptions/no_such_element.html
Build info: version: &amp;apos;2.53.1&amp;apos;, revision: &amp;apos;a36b8b1cd5757287168e54b817830adce9b0158d&amp;apos;, time: &amp;apos;2016-06-30 19:26:09&amp;apos;
System info: host: &amp;apos;ChethanBidare-pc&amp;apos;, ip: &amp;apos;172.16.18.229&amp;apos;, os.name: &amp;apos;Windows 10&amp;apos;, os.arch: &amp;apos;amd64&amp;apos;, os.version: &amp;apos;10.0&amp;apos;, java.version: &amp;apos;1.8.0_144&amp;apos;
Driver info: driver.version: unknown">
      <![CDATA[org.openqa.selenium.NoSuchElementException: Can't locate an element by this strategy: By.id: com.c2info.ecolite:id/radio_new_sale_return
For documentation on this error, please visit: http://seleniumhq.org/exceptions/no_such_element.html
Build info: version: '2.53.1', revision: 'a36b8b1cd5757287168e54b817830adce9b0158d', time: '2016-06-30 19:26:09'
System info: host: 'ChethanBidare-pc', ip: '172.16.18.229', os.name: 'Windows 10', os.arch: 'amd64', os.version: '10.0', java.version: '1.8.0_144'
Driver info: driver.version: unknown
	at io.appium.java_client.pagefactory.AppiumElementLocator.findElement(AppiumElementLocator.java:152)
	at io.appium.java_client.pagefactory.interceptors.InterceptorOfASingleElement.intercept(InterceptorOfASingleElement.java:51)
	at io.appium.java_client.android.AndroidElement$$EnhancerByCGLIB$$d0561da7.click(<generated>)
	at c2info_ElMob.UI_Actions.HomePage.selectSalesreturnCheckbox(HomePage.java:90)
	at c2info_ElMob.SalesReturnTC.TC_005_VerifyDiscountForSingleItem.verifySingleItemDisc(TC_005_VerifyDiscountForSingleItem.java:34)
... Removed 25 stack frames]]>
    </failure>
  </testcase> <!-- verifySingleItemDisc -->
  <testcase name="verifyMultipleItemDiscInCartPage" time="1.68" classname="c2info_ElMob.SalesReturnTC.TC_006_VerifyDiscountForMultipleItems">
    <failure type="org.openqa.selenium.NoSuchElementException" message="Can&amp;apos;t locate an element by this strategy: By.id: com.c2info.ecolite:id/radio_new_sale_return
For documentation on this error, please visit: http://seleniumhq.org/exceptions/no_such_element.html
Build info: version: &amp;apos;2.53.1&amp;apos;, revision: &amp;apos;a36b8b1cd5757287168e54b817830adce9b0158d&amp;apos;, time: &amp;apos;2016-06-30 19:26:09&amp;apos;
System info: host: &amp;apos;ChethanBidare-pc&amp;apos;, ip: &amp;apos;172.16.18.229&amp;apos;, os.name: &amp;apos;Windows 10&amp;apos;, os.arch: &amp;apos;amd64&amp;apos;, os.version: &amp;apos;10.0&amp;apos;, java.version: &amp;apos;1.8.0_144&amp;apos;
Driver info: driver.version: unknown">
      <![CDATA[org.openqa.selenium.NoSuchElementException: Can't locate an element by this strategy: By.id: com.c2info.ecolite:id/radio_new_sale_return
For documentation on this error, please visit: http://seleniumhq.org/exceptions/no_such_element.html
Build info: version: '2.53.1', revision: 'a36b8b1cd5757287168e54b817830adce9b0158d', time: '2016-06-30 19:26:09'
System info: host: 'ChethanBidare-pc', ip: '172.16.18.229', os.name: 'Windows 10', os.arch: 'amd64', os.version: '10.0', java.version: '1.8.0_144'
Driver info: driver.version: unknown
	at io.appium.java_client.pagefactory.AppiumElementLocator.findElement(AppiumElementLocator.java:152)
	at io.appium.java_client.pagefactory.interceptors.InterceptorOfASingleElement.intercept(InterceptorOfASingleElement.java:51)
	at io.appium.java_client.android.AndroidElement$$EnhancerByCGLIB$$d0561da7.click(<generated>)
	at c2info_ElMob.UI_Actions.HomePage.selectSalesreturnCheckbox(HomePage.java:90)
	at c2info_ElMob.SalesReturnTC.TC_006_VerifyDiscountForMultipleItems.verifyMultipleItemDiscInCartPage(TC_006_VerifyDiscountForMultipleItems.java:35)
... Removed 25 stack frames]]>
    </failure>
  </testcase> <!-- verifyMultipleItemDiscInCartPage -->
  <testcase name="verifyCustomerWiseDisc" time="30.841" classname="c2info_ElMob.SalesReturnTC.TC_007_VerifyCustomerWiseDiscount"/>
  <testcase name="verifyTaxforSingleItem" time="1.132" classname="c2info_ElMob.SalesReturnTC.TC_008_VerifyTaxCalculationItemWise">
    <failure type="org.openqa.selenium.NoSuchElementException" message="Can&amp;apos;t locate an element by this strategy: By.id: com.c2info.ecolite:id/radio_new_sale_return
For documentation on this error, please visit: http://seleniumhq.org/exceptions/no_such_element.html
Build info: version: &amp;apos;2.53.1&amp;apos;, revision: &amp;apos;a36b8b1cd5757287168e54b817830adce9b0158d&amp;apos;, time: &amp;apos;2016-06-30 19:26:09&amp;apos;
System info: host: &amp;apos;ChethanBidare-pc&amp;apos;, ip: &amp;apos;172.16.18.229&amp;apos;, os.name: &amp;apos;Windows 10&amp;apos;, os.arch: &amp;apos;amd64&amp;apos;, os.version: &amp;apos;10.0&amp;apos;, java.version: &amp;apos;1.8.0_144&amp;apos;
Driver info: driver.version: unknown">
      <![CDATA[org.openqa.selenium.NoSuchElementException: Can't locate an element by this strategy: By.id: com.c2info.ecolite:id/radio_new_sale_return
For documentation on this error, please visit: http://seleniumhq.org/exceptions/no_such_element.html
Build info: version: '2.53.1', revision: 'a36b8b1cd5757287168e54b817830adce9b0158d', time: '2016-06-30 19:26:09'
System info: host: 'ChethanBidare-pc', ip: '172.16.18.229', os.name: 'Windows 10', os.arch: 'amd64', os.version: '10.0', java.version: '1.8.0_144'
Driver info: driver.version: unknown
	at io.appium.java_client.pagefactory.AppiumElementLocator.findElement(AppiumElementLocator.java:152)
	at io.appium.java_client.pagefactory.interceptors.InterceptorOfASingleElement.intercept(InterceptorOfASingleElement.java:51)
	at io.appium.java_client.android.AndroidElement$$EnhancerByCGLIB$$d0561da7.click(<generated>)
	at c2info_ElMob.UI_Actions.HomePage.selectSalesreturnCheckbox(HomePage.java:90)
	at c2info_ElMob.SalesReturnTC.TC_008_VerifyTaxCalculationItemWise.verifyTaxforSingleItem(TC_008_VerifyTaxCalculationItemWise.java:34)
... Removed 25 stack frames]]>
    </failure>
  </testcase> <!-- verifyTaxforSingleItem -->
  <testcase name="verifyIGSTTax" time="63.424" classname="c2info_ElMob.SalesReturnTC.TC_009_VerifyIGSTTaxForMultipleItems">
    <failure type="org.openqa.selenium.NoSuchElementException" message="An element could not be located on the page using the given search parameters. (WARNING: The server did not provide any stacktrace information)
Command duration or timeout: 1.33 seconds
For documentation on this error, please visit: http://seleniumhq.org/exceptions/no_such_element.html
Build info: version: &amp;apos;2.53.1&amp;apos;, revision: &amp;apos;a36b8b1cd5757287168e54b817830adce9b0158d&amp;apos;, time: &amp;apos;2016-06-30 19:26:09&amp;apos;
System info: host: &amp;apos;ChethanBidare-pc&amp;apos;, ip: &amp;apos;172.16.18.229&amp;apos;, os.name: &amp;apos;Windows 10&amp;apos;, os.arch: &amp;apos;amd64&amp;apos;, os.version: &amp;apos;10.0&amp;apos;, java.version: &amp;apos;1.8.0_144&amp;apos;
Driver info: io.appium.java_client.android.AndroidDriver
Capabilities [{appPackage=com.c2info.ecolite, deviceScreenSize=720x1280, networkConnectionEnabled=true, warnings={}, databaseEnabled=false, version=5.1, deviceName=IVWCWKRCUSZST85D, platform=LINUX, deviceUDID=IVWCWKRCUSZST85D, appActivity=com.c2info.ecolite.ui.activity.SplashScreenActivity, desired={appPackage=com.c2info.ecolite, appActivity=com.c2info.ecolite.ui.activity.SplashScreenActivity, browserName=ANDROID, platformName=Android, version=5.1, deviceName=ZX1D64CPT2}, platformVersion=5.1, webStorageEnabled=false, locationContextEnabled=false, takesScreenshot=true, browserName=ANDROID, javascriptEnabled=true, deviceModel=LS-6001, platformName=Android, deviceManufacturer=LYF}]
Session ID: 48f9b02e-a2d7-422b-8842-5108cfc6a6ae
*** Element info: {Using=id, value=android:id/button2}">
      <![CDATA[org.openqa.selenium.NoSuchElementException: An element could not be located on the page using the given search parameters. (WARNING: The server did not provide any stacktrace information)
Command duration or timeout: 1.33 seconds
For documentation on this error, please visit: http://seleniumhq.org/exceptions/no_such_element.html
Build info: version: '2.53.1', revision: 'a36b8b1cd5757287168e54b817830adce9b0158d', time: '2016-06-30 19:26:09'
System info: host: 'ChethanBidare-pc', ip: '172.16.18.229', os.name: 'Windows 10', os.arch: 'amd64', os.version: '10.0', java.version: '1.8.0_144'
Driver info: io.appium.java_client.android.AndroidDriver
Capabilities [{appPackage=com.c2info.ecolite, deviceScreenSize=720x1280, networkConnectionEnabled=true, warnings={}, databaseEnabled=false, version=5.1, deviceName=IVWCWKRCUSZST85D, platform=LINUX, deviceUDID=IVWCWKRCUSZST85D, appActivity=com.c2info.ecolite.ui.activity.SplashScreenActivity, desired={appPackage=com.c2info.ecolite, appActivity=com.c2info.ecolite.ui.activity.SplashScreenActivity, browserName=ANDROID, platformName=Android, version=5.1, deviceName=ZX1D64CPT2}, platformVersion=5.1, webStorageEnabled=false, locationContextEnabled=false, takesScreenshot=true, browserName=ANDROID, javascriptEnabled=true, deviceModel=LS-6001, platformName=Android, deviceManufacturer=LYF}]
Session ID: 48f9b02e-a2d7-422b-8842-5108cfc6a6ae
*** Element info: {Using=id, value=android:id/button2}
	at org.openqa.selenium.remote.ErrorHandler.createThrowable(ErrorHandler.java:206)
	at org.openqa.selenium.remote.ErrorHandler.throwIfResponseFailed(ErrorHandler.java:158)
	at org.openqa.selenium.remote.RemoteWebDriver.execute(RemoteWebDriver.java:678)
	at io.appium.java_client.DefaultGenericMobileDriver.execute(DefaultGenericMobileDriver.java:42)
	at io.appium.java_client.AppiumDriver.execute(AppiumDriver.java:1)
	at io.appium.java_client.android.AndroidDriver.execute(AndroidDriver.java:1)
	at org.openqa.selenium.remote.RemoteWebDriver.findElement(RemoteWebDriver.java:363)
	at org.openqa.selenium.remote.RemoteWebDriver.findElementById(RemoteWebDriver.java:413)
	at io.appium.java_client.DefaultGenericMobileDriver.findElementById(DefaultGenericMobileDriver.java:62)
	at io.appium.java_client.AppiumDriver.findElementById(AppiumDriver.java:1)
	at io.appium.java_client.android.AndroidDriver.findElementById(AndroidDriver.java:1)
	at c2info_ElMob.UI_Actions.CheckOutPage.clickOnDenyButton(CheckOutPage.java:226)
	at c2info_ElMob.SalesReturnTC.TC_009_VerifyIGSTTaxForMultipleItems.verifyIGSTTax(TC_009_VerifyIGSTTaxForMultipleItems.java:65)
... Removed 29 stack frames]]>
    </failure>
  </testcase> <!-- verifyIGSTTax -->
  <testcase name="verifyIGSTTax" time="61.259" classname="c2info_ElMob.SalesReturnTC.TC_010_VerifyLocalTaxForMultipleItems">
    <failure type="org.openqa.selenium.NoSuchElementException" message="An element could not be located on the page using the given search parameters. (WARNING: The server did not provide any stacktrace information)
Command duration or timeout: 1.23 seconds
For documentation on this error, please visit: http://seleniumhq.org/exceptions/no_such_element.html
Build info: version: &amp;apos;2.53.1&amp;apos;, revision: &amp;apos;a36b8b1cd5757287168e54b817830adce9b0158d&amp;apos;, time: &amp;apos;2016-06-30 19:26:09&amp;apos;
System info: host: &amp;apos;ChethanBidare-pc&amp;apos;, ip: &amp;apos;172.16.18.229&amp;apos;, os.name: &amp;apos;Windows 10&amp;apos;, os.arch: &amp;apos;amd64&amp;apos;, os.version: &amp;apos;10.0&amp;apos;, java.version: &amp;apos;1.8.0_144&amp;apos;
Driver info: io.appium.java_client.android.AndroidDriver
Capabilities [{appPackage=com.c2info.ecolite, deviceScreenSize=720x1280, networkConnectionEnabled=true, warnings={}, databaseEnabled=false, version=5.1, deviceName=IVWCWKRCUSZST85D, platform=LINUX, deviceUDID=IVWCWKRCUSZST85D, appActivity=com.c2info.ecolite.ui.activity.SplashScreenActivity, desired={appPackage=com.c2info.ecolite, appActivity=com.c2info.ecolite.ui.activity.SplashScreenActivity, browserName=ANDROID, platformName=Android, version=5.1, deviceName=ZX1D64CPT2}, platformVersion=5.1, webStorageEnabled=false, locationContextEnabled=false, takesScreenshot=true, browserName=ANDROID, javascriptEnabled=true, deviceModel=LS-6001, platformName=Android, deviceManufacturer=LYF}]
Session ID: 767473a6-de97-417f-bcf1-c9273d16dbfb
*** Element info: {Using=id, value=android:id/button2}">
      <![CDATA[org.openqa.selenium.NoSuchElementException: An element could not be located on the page using the given search parameters. (WARNING: The server did not provide any stacktrace information)
Command duration or timeout: 1.23 seconds
For documentation on this error, please visit: http://seleniumhq.org/exceptions/no_such_element.html
Build info: version: '2.53.1', revision: 'a36b8b1cd5757287168e54b817830adce9b0158d', time: '2016-06-30 19:26:09'
System info: host: 'ChethanBidare-pc', ip: '172.16.18.229', os.name: 'Windows 10', os.arch: 'amd64', os.version: '10.0', java.version: '1.8.0_144'
Driver info: io.appium.java_client.android.AndroidDriver
Capabilities [{appPackage=com.c2info.ecolite, deviceScreenSize=720x1280, networkConnectionEnabled=true, warnings={}, databaseEnabled=false, version=5.1, deviceName=IVWCWKRCUSZST85D, platform=LINUX, deviceUDID=IVWCWKRCUSZST85D, appActivity=com.c2info.ecolite.ui.activity.SplashScreenActivity, desired={appPackage=com.c2info.ecolite, appActivity=com.c2info.ecolite.ui.activity.SplashScreenActivity, browserName=ANDROID, platformName=Android, version=5.1, deviceName=ZX1D64CPT2}, platformVersion=5.1, webStorageEnabled=false, locationContextEnabled=false, takesScreenshot=true, browserName=ANDROID, javascriptEnabled=true, deviceModel=LS-6001, platformName=Android, deviceManufacturer=LYF}]
Session ID: 767473a6-de97-417f-bcf1-c9273d16dbfb
*** Element info: {Using=id, value=android:id/button2}
	at org.openqa.selenium.remote.ErrorHandler.createThrowable(ErrorHandler.java:206)
	at org.openqa.selenium.remote.ErrorHandler.throwIfResponseFailed(ErrorHandler.java:158)
	at org.openqa.selenium.remote.RemoteWebDriver.execute(RemoteWebDriver.java:678)
	at io.appium.java_client.DefaultGenericMobileDriver.execute(DefaultGenericMobileDriver.java:42)
	at io.appium.java_client.AppiumDriver.execute(AppiumDriver.java:1)
	at io.appium.java_client.android.AndroidDriver.execute(AndroidDriver.java:1)
	at org.openqa.selenium.remote.RemoteWebDriver.findElement(RemoteWebDriver.java:363)
	at org.openqa.selenium.remote.RemoteWebDriver.findElementById(RemoteWebDriver.java:413)
	at io.appium.java_client.DefaultGenericMobileDriver.findElementById(DefaultGenericMobileDriver.java:62)
	at io.appium.java_client.AppiumDriver.findElementById(AppiumDriver.java:1)
	at io.appium.java_client.android.AndroidDriver.findElementById(AndroidDriver.java:1)
	at c2info_ElMob.UI_Actions.CheckOutPage.clickOnDenyButton(CheckOutPage.java:226)
	at c2info_ElMob.SalesReturnTC.TC_010_VerifyLocalTaxForMultipleItems.verifyIGSTTax(TC_010_VerifyLocalTaxForMultipleItems.java:69)
... Removed 29 stack frames]]>
    </failure>
  </testcase> <!-- verifyIGSTTax -->
  <testcase name="verifyInvoiceValue" time="136.196" classname="c2info_ElMob.SalesReturnTC.TC_011_VerifyInvoiceValue">
    <failure type="org.openqa.selenium.NoSuchElementException" message="An element could not be located on the page using the given search parameters. (WARNING: The server did not provide any stacktrace information)
Command duration or timeout: 1.75 seconds
For documentation on this error, please visit: http://seleniumhq.org/exceptions/no_such_element.html
Build info: version: &amp;apos;2.53.1&amp;apos;, revision: &amp;apos;a36b8b1cd5757287168e54b817830adce9b0158d&amp;apos;, time: &amp;apos;2016-06-30 19:26:09&amp;apos;
System info: host: &amp;apos;ChethanBidare-pc&amp;apos;, ip: &amp;apos;172.16.18.229&amp;apos;, os.name: &amp;apos;Windows 10&amp;apos;, os.arch: &amp;apos;amd64&amp;apos;, os.version: &amp;apos;10.0&amp;apos;, java.version: &amp;apos;1.8.0_144&amp;apos;
Driver info: io.appium.java_client.android.AndroidDriver
Capabilities [{appPackage=com.c2info.ecolite, deviceScreenSize=720x1280, networkConnectionEnabled=true, warnings={}, databaseEnabled=false, version=5.1, deviceName=IVWCWKRCUSZST85D, platform=LINUX, deviceUDID=IVWCWKRCUSZST85D, appActivity=com.c2info.ecolite.ui.activity.SplashScreenActivity, desired={appPackage=com.c2info.ecolite, appActivity=com.c2info.ecolite.ui.activity.SplashScreenActivity, browserName=ANDROID, platformName=Android, version=5.1, deviceName=ZX1D64CPT2}, platformVersion=5.1, webStorageEnabled=false, locationContextEnabled=false, takesScreenshot=true, browserName=ANDROID, javascriptEnabled=true, deviceModel=LS-6001, platformName=Android, deviceManufacturer=LYF}]
Session ID: ae90be46-69a3-430b-a62f-cd192895dcfa
*** Element info: {Using=id, value=android:id/button2}">
      <![CDATA[org.openqa.selenium.NoSuchElementException: An element could not be located on the page using the given search parameters. (WARNING: The server did not provide any stacktrace information)
Command duration or timeout: 1.75 seconds
For documentation on this error, please visit: http://seleniumhq.org/exceptions/no_such_element.html
Build info: version: '2.53.1', revision: 'a36b8b1cd5757287168e54b817830adce9b0158d', time: '2016-06-30 19:26:09'
System info: host: 'ChethanBidare-pc', ip: '172.16.18.229', os.name: 'Windows 10', os.arch: 'amd64', os.version: '10.0', java.version: '1.8.0_144'
Driver info: io.appium.java_client.android.AndroidDriver
Capabilities [{appPackage=com.c2info.ecolite, deviceScreenSize=720x1280, networkConnectionEnabled=true, warnings={}, databaseEnabled=false, version=5.1, deviceName=IVWCWKRCUSZST85D, platform=LINUX, deviceUDID=IVWCWKRCUSZST85D, appActivity=com.c2info.ecolite.ui.activity.SplashScreenActivity, desired={appPackage=com.c2info.ecolite, appActivity=com.c2info.ecolite.ui.activity.SplashScreenActivity, browserName=ANDROID, platformName=Android, version=5.1, deviceName=ZX1D64CPT2}, platformVersion=5.1, webStorageEnabled=false, locationContextEnabled=false, takesScreenshot=true, browserName=ANDROID, javascriptEnabled=true, deviceModel=LS-6001, platformName=Android, deviceManufacturer=LYF}]
Session ID: ae90be46-69a3-430b-a62f-cd192895dcfa
*** Element info: {Using=id, value=android:id/button2}
	at org.openqa.selenium.remote.ErrorHandler.createThrowable(ErrorHandler.java:206)
	at org.openqa.selenium.remote.ErrorHandler.throwIfResponseFailed(ErrorHandler.java:158)
	at org.openqa.selenium.remote.RemoteWebDriver.execute(RemoteWebDriver.java:678)
	at io.appium.java_client.DefaultGenericMobileDriver.execute(DefaultGenericMobileDriver.java:42)
	at io.appium.java_client.AppiumDriver.execute(AppiumDriver.java:1)
	at io.appium.java_client.android.AndroidDriver.execute(AndroidDriver.java:1)
	at org.openqa.selenium.remote.RemoteWebDriver.findElement(RemoteWebDriver.java:363)
	at org.openqa.selenium.remote.RemoteWebDriver.findElementById(RemoteWebDriver.java:413)
	at io.appium.java_client.DefaultGenericMobileDriver.findElementById(DefaultGenericMobileDriver.java:62)
	at io.appium.java_client.AppiumDriver.findElementById(AppiumDriver.java:1)
	at io.appium.java_client.android.AndroidDriver.findElementById(AndroidDriver.java:1)
	at c2info_ElMob.UI_Actions.CheckOutPage.clickOnDenyButton(CheckOutPage.java:226)
	at c2info_ElMob.SalesReturnTC.TC_011_VerifyInvoiceValue.verifyInvoiceValue(TC_011_VerifyInvoiceValue.java:69)
... Removed 29 stack frames]]>
    </failure>
  </testcase> <!-- verifyInvoiceValue -->
  <testcase name="verifyInvoiceValue" time="1.505" classname="c2info_ElMob.SalesReturnTC.TC_012_VerifyInvoiceValueWithDisc">
    <failure type="org.openqa.selenium.NoSuchElementException" message="Can&amp;apos;t locate an element by this strategy: By.id: com.c2info.ecolite:id/radio_new_sale_return
For documentation on this error, please visit: http://seleniumhq.org/exceptions/no_such_element.html
Build info: version: &amp;apos;2.53.1&amp;apos;, revision: &amp;apos;a36b8b1cd5757287168e54b817830adce9b0158d&amp;apos;, time: &amp;apos;2016-06-30 19:26:09&amp;apos;
System info: host: &amp;apos;ChethanBidare-pc&amp;apos;, ip: &amp;apos;172.16.18.229&amp;apos;, os.name: &amp;apos;Windows 10&amp;apos;, os.arch: &amp;apos;amd64&amp;apos;, os.version: &amp;apos;10.0&amp;apos;, java.version: &amp;apos;1.8.0_144&amp;apos;
Driver info: driver.version: unknown">
      <![CDATA[org.openqa.selenium.NoSuchElementException: Can't locate an element by this strategy: By.id: com.c2info.ecolite:id/radio_new_sale_return
For documentation on this error, please visit: http://seleniumhq.org/exceptions/no_such_element.html
Build info: version: '2.53.1', revision: 'a36b8b1cd5757287168e54b817830adce9b0158d', time: '2016-06-30 19:26:09'
System info: host: 'ChethanBidare-pc', ip: '172.16.18.229', os.name: 'Windows 10', os.arch: 'amd64', os.version: '10.0', java.version: '1.8.0_144'
Driver info: driver.version: unknown
	at io.appium.java_client.pagefactory.AppiumElementLocator.findElement(AppiumElementLocator.java:152)
	at io.appium.java_client.pagefactory.interceptors.InterceptorOfASingleElement.intercept(InterceptorOfASingleElement.java:51)
	at io.appium.java_client.android.AndroidElement$$EnhancerByCGLIB$$d0561da7.click(<generated>)
	at c2info_ElMob.UI_Actions.HomePage.selectSalesreturnCheckbox(HomePage.java:90)
	at c2info_ElMob.SalesReturnTC.TC_012_VerifyInvoiceValueWithDisc.verifyInvoiceValue(TC_012_VerifyInvoiceValueWithDisc.java:35)
... Removed 25 stack frames]]>
    </failure>
  </testcase> <!-- verifyInvoiceValue -->
  <testcase name="verifyItemCount" time="1.315" classname="c2info_ElMob.SalesReturnTC.TC_013_VerifyItemCount">
    <failure type="org.openqa.selenium.NoSuchElementException" message="Can&amp;apos;t locate an element by this strategy: By.id: com.c2info.ecolite:id/radio_new_sale_return
For documentation on this error, please visit: http://seleniumhq.org/exceptions/no_such_element.html
Build info: version: &amp;apos;2.53.1&amp;apos;, revision: &amp;apos;a36b8b1cd5757287168e54b817830adce9b0158d&amp;apos;, time: &amp;apos;2016-06-30 19:26:09&amp;apos;
System info: host: &amp;apos;ChethanBidare-pc&amp;apos;, ip: &amp;apos;172.16.18.229&amp;apos;, os.name: &amp;apos;Windows 10&amp;apos;, os.arch: &amp;apos;amd64&amp;apos;, os.version: &amp;apos;10.0&amp;apos;, java.version: &amp;apos;1.8.0_144&amp;apos;
Driver info: driver.version: unknown">
      <![CDATA[org.openqa.selenium.NoSuchElementException: Can't locate an element by this strategy: By.id: com.c2info.ecolite:id/radio_new_sale_return
For documentation on this error, please visit: http://seleniumhq.org/exceptions/no_such_element.html
Build info: version: '2.53.1', revision: 'a36b8b1cd5757287168e54b817830adce9b0158d', time: '2016-06-30 19:26:09'
System info: host: 'ChethanBidare-pc', ip: '172.16.18.229', os.name: 'Windows 10', os.arch: 'amd64', os.version: '10.0', java.version: '1.8.0_144'
Driver info: driver.version: unknown
	at io.appium.java_client.pagefactory.AppiumElementLocator.findElement(AppiumElementLocator.java:152)
	at io.appium.java_client.pagefactory.interceptors.InterceptorOfASingleElement.intercept(InterceptorOfASingleElement.java:51)
	at io.appium.java_client.android.AndroidElement$$EnhancerByCGLIB$$d0561da7.click(<generated>)
	at c2info_ElMob.UI_Actions.HomePage.selectSalesreturnCheckbox(HomePage.java:90)
	at c2info_ElMob.SalesReturnTC.TC_013_VerifyItemCount.verifyItemCount(TC_013_VerifyItemCount.java:33)
... Removed 25 stack frames]]>
    </failure>
  </testcase> <!-- verifyItemCount -->
  <testcase name="verifyCardSale" time="23.313" classname="c2info_ElMob.SalesReturnTC.TC_014_VerifyPaymentModeCard">
    <failure type="org.openqa.selenium.NoSuchElementException" message="An element could not be located on the page using the given search parameters. (WARNING: The server did not provide any stacktrace information)
Command duration or timeout: 1.18 seconds
For documentation on this error, please visit: http://seleniumhq.org/exceptions/no_such_element.html
Build info: version: &amp;apos;2.53.1&amp;apos;, revision: &amp;apos;a36b8b1cd5757287168e54b817830adce9b0158d&amp;apos;, time: &amp;apos;2016-06-30 19:26:09&amp;apos;
System info: host: &amp;apos;ChethanBidare-pc&amp;apos;, ip: &amp;apos;172.16.18.229&amp;apos;, os.name: &amp;apos;Windows 10&amp;apos;, os.arch: &amp;apos;amd64&amp;apos;, os.version: &amp;apos;10.0&amp;apos;, java.version: &amp;apos;1.8.0_144&amp;apos;
Driver info: io.appium.java_client.android.AndroidDriver
Capabilities [{appPackage=com.c2info.ecolite, deviceScreenSize=720x1280, networkConnectionEnabled=true, warnings={}, databaseEnabled=false, version=5.1, deviceName=IVWCWKRCUSZST85D, platform=LINUX, deviceUDID=IVWCWKRCUSZST85D, appActivity=com.c2info.ecolite.ui.activity.SplashScreenActivity, desired={appPackage=com.c2info.ecolite, appActivity=com.c2info.ecolite.ui.activity.SplashScreenActivity, browserName=ANDROID, platformName=Android, version=5.1, deviceName=ZX1D64CPT2}, platformVersion=5.1, webStorageEnabled=false, locationContextEnabled=false, takesScreenshot=true, browserName=ANDROID, javascriptEnabled=true, deviceModel=LS-6001, platformName=Android, deviceManufacturer=LYF}]
Session ID: 62701422-4dcc-40b4-9e6f-c538a5c6a6ae
*** Element info: {Using=xpath, value=//android.widget.RadioButton[contains(@text,&amp;apos;Card&amp;apos;)]}">
      <![CDATA[org.openqa.selenium.NoSuchElementException: An element could not be located on the page using the given search parameters. (WARNING: The server did not provide any stacktrace information)
Command duration or timeout: 1.18 seconds
For documentation on this error, please visit: http://seleniumhq.org/exceptions/no_such_element.html
Build info: version: '2.53.1', revision: 'a36b8b1cd5757287168e54b817830adce9b0158d', time: '2016-06-30 19:26:09'
System info: host: 'ChethanBidare-pc', ip: '172.16.18.229', os.name: 'Windows 10', os.arch: 'amd64', os.version: '10.0', java.version: '1.8.0_144'
Driver info: io.appium.java_client.android.AndroidDriver
Capabilities [{appPackage=com.c2info.ecolite, deviceScreenSize=720x1280, networkConnectionEnabled=true, warnings={}, databaseEnabled=false, version=5.1, deviceName=IVWCWKRCUSZST85D, platform=LINUX, deviceUDID=IVWCWKRCUSZST85D, appActivity=com.c2info.ecolite.ui.activity.SplashScreenActivity, desired={appPackage=com.c2info.ecolite, appActivity=com.c2info.ecolite.ui.activity.SplashScreenActivity, browserName=ANDROID, platformName=Android, version=5.1, deviceName=ZX1D64CPT2}, platformVersion=5.1, webStorageEnabled=false, locationContextEnabled=false, takesScreenshot=true, browserName=ANDROID, javascriptEnabled=true, deviceModel=LS-6001, platformName=Android, deviceManufacturer=LYF}]
Session ID: 62701422-4dcc-40b4-9e6f-c538a5c6a6ae
*** Element info: {Using=xpath, value=//android.widget.RadioButton[contains(@text,'Card')]}
	at org.openqa.selenium.remote.ErrorHandler.createThrowable(ErrorHandler.java:206)
	at org.openqa.selenium.remote.ErrorHandler.throwIfResponseFailed(ErrorHandler.java:158)
	at org.openqa.selenium.remote.RemoteWebDriver.execute(RemoteWebDriver.java:678)
	at io.appium.java_client.DefaultGenericMobileDriver.execute(DefaultGenericMobileDriver.java:42)
	at io.appium.java_client.AppiumDriver.execute(AppiumDriver.java:1)
	at io.appium.java_client.android.AndroidDriver.execute(AndroidDriver.java:1)
	at org.openqa.selenium.remote.RemoteWebDriver.findElement(RemoteWebDriver.java:363)
	at org.openqa.selenium.remote.RemoteWebDriver.findElementByXPath(RemoteWebDriver.java:500)
	at io.appium.java_client.DefaultGenericMobileDriver.findElementByXPath(DefaultGenericMobileDriver.java:132)
	at io.appium.java_client.AppiumDriver.findElementByXPath(AppiumDriver.java:1)
	at io.appium.java_client.android.AndroidDriver.findElementByXPath(AndroidDriver.java:1)
	at org.openqa.selenium.By$ByXPath.findElement(By.java:361)
	at org.openqa.selenium.remote.RemoteWebDriver.findElement(RemoteWebDriver.java:355)
	at io.appium.java_client.DefaultGenericMobileDriver.findElement(DefaultGenericMobileDriver.java:52)
	at io.appium.java_client.AppiumDriver.findElement(AppiumDriver.java:1)
	at io.appium.java_client.android.AndroidDriver.findElement(AndroidDriver.java:1)
	at c2info_ElMob.UI_Actions.CheckOutPage.selectPaymentModeInCheckOut(CheckOutPage.java:140)
	at c2info_ElMob.SalesReturnTC.TC_014_VerifyPaymentModeCard.verifyCardSale(TC_014_VerifyPaymentModeCard.java:42)
... Removed 28 stack frames]]>
    </failure>
  </testcase> <!-- verifyCardSale -->
  <testcase name="verifyCashSale" time="23.72" classname="c2info_ElMob.SalesReturnTC.TC_015_VerifyPaymentModeCash">
    <failure type="org.openqa.selenium.NoSuchElementException" message="An element could not be located on the page using the given search parameters. (WARNING: The server did not provide any stacktrace information)
Command duration or timeout: 1.60 seconds
For documentation on this error, please visit: http://seleniumhq.org/exceptions/no_such_element.html
Build info: version: &amp;apos;2.53.1&amp;apos;, revision: &amp;apos;a36b8b1cd5757287168e54b817830adce9b0158d&amp;apos;, time: &amp;apos;2016-06-30 19:26:09&amp;apos;
System info: host: &amp;apos;ChethanBidare-pc&amp;apos;, ip: &amp;apos;172.16.18.229&amp;apos;, os.name: &amp;apos;Windows 10&amp;apos;, os.arch: &amp;apos;amd64&amp;apos;, os.version: &amp;apos;10.0&amp;apos;, java.version: &amp;apos;1.8.0_144&amp;apos;
Driver info: io.appium.java_client.android.AndroidDriver
Capabilities [{appPackage=com.c2info.ecolite, deviceScreenSize=720x1280, networkConnectionEnabled=true, warnings={}, databaseEnabled=false, version=5.1, deviceName=IVWCWKRCUSZST85D, platform=LINUX, deviceUDID=IVWCWKRCUSZST85D, appActivity=com.c2info.ecolite.ui.activity.SplashScreenActivity, desired={appPackage=com.c2info.ecolite, appActivity=com.c2info.ecolite.ui.activity.SplashScreenActivity, browserName=ANDROID, platformName=Android, version=5.1, deviceName=ZX1D64CPT2}, platformVersion=5.1, webStorageEnabled=false, locationContextEnabled=false, takesScreenshot=true, browserName=ANDROID, javascriptEnabled=true, deviceModel=LS-6001, platformName=Android, deviceManufacturer=LYF}]
Session ID: 7044127c-e0ce-4be3-9271-6b46ebe4cecd
*** Element info: {Using=id, value=android:id/button2}">
      <![CDATA[org.openqa.selenium.NoSuchElementException: An element could not be located on the page using the given search parameters. (WARNING: The server did not provide any stacktrace information)
Command duration or timeout: 1.60 seconds
For documentation on this error, please visit: http://seleniumhq.org/exceptions/no_such_element.html
Build info: version: '2.53.1', revision: 'a36b8b1cd5757287168e54b817830adce9b0158d', time: '2016-06-30 19:26:09'
System info: host: 'ChethanBidare-pc', ip: '172.16.18.229', os.name: 'Windows 10', os.arch: 'amd64', os.version: '10.0', java.version: '1.8.0_144'
Driver info: io.appium.java_client.android.AndroidDriver
Capabilities [{appPackage=com.c2info.ecolite, deviceScreenSize=720x1280, networkConnectionEnabled=true, warnings={}, databaseEnabled=false, version=5.1, deviceName=IVWCWKRCUSZST85D, platform=LINUX, deviceUDID=IVWCWKRCUSZST85D, appActivity=com.c2info.ecolite.ui.activity.SplashScreenActivity, desired={appPackage=com.c2info.ecolite, appActivity=com.c2info.ecolite.ui.activity.SplashScreenActivity, browserName=ANDROID, platformName=Android, version=5.1, deviceName=ZX1D64CPT2}, platformVersion=5.1, webStorageEnabled=false, locationContextEnabled=false, takesScreenshot=true, browserName=ANDROID, javascriptEnabled=true, deviceModel=LS-6001, platformName=Android, deviceManufacturer=LYF}]
Session ID: 7044127c-e0ce-4be3-9271-6b46ebe4cecd
*** Element info: {Using=id, value=android:id/button2}
	at org.openqa.selenium.remote.ErrorHandler.createThrowable(ErrorHandler.java:206)
	at org.openqa.selenium.remote.ErrorHandler.throwIfResponseFailed(ErrorHandler.java:158)
	at org.openqa.selenium.remote.RemoteWebDriver.execute(RemoteWebDriver.java:678)
	at io.appium.java_client.DefaultGenericMobileDriver.execute(DefaultGenericMobileDriver.java:42)
	at io.appium.java_client.AppiumDriver.execute(AppiumDriver.java:1)
	at io.appium.java_client.android.AndroidDriver.execute(AndroidDriver.java:1)
	at org.openqa.selenium.remote.RemoteWebDriver.findElement(RemoteWebDriver.java:363)
	at org.openqa.selenium.remote.RemoteWebDriver.findElementById(RemoteWebDriver.java:413)
	at io.appium.java_client.DefaultGenericMobileDriver.findElementById(DefaultGenericMobileDriver.java:62)
	at io.appium.java_client.AppiumDriver.findElementById(AppiumDriver.java:1)
	at io.appium.java_client.android.AndroidDriver.findElementById(AndroidDriver.java:1)
	at c2info_ElMob.UI_Actions.CheckOutPage.clickOnDenyButton(CheckOutPage.java:226)
	at c2info_ElMob.SalesReturnTC.TC_015_VerifyPaymentModeCash.verifyCashSale(TC_015_VerifyPaymentModeCash.java:42)
... Removed 28 stack frames]]>
    </failure>
  </testcase> <!-- verifyCashSale -->
  <testcase name="verifyCustomerDetails" time="32.702" classname="c2info_ElMob.SalesReturnTC.TC_016_VerifyCustomerDetailsInCheckOutPage"/>
  <testcase name="verifyCustomerDetails" time="50.396" classname="c2info_ElMob.SalesReturnTC.TC_017_VerifyCustDetailsByChangingCustomer">
    <failure type="java.lang.AssertionError" message="expected [true] but found [false]">
      <![CDATA[java.lang.AssertionError: expected [true] but found [false]
	at c2info_ElMob.SalesReturnTC.TC_017_VerifyCustDetailsByChangingCustomer.verifyCustomerDetails(TC_017_VerifyCustDetailsByChangingCustomer.java:50)
... Removed 29 stack frames]]>
    </failure>
  </testcase> <!-- verifyCustomerDetails -->
  <testcase name="verifyInvoiceParking" time="85.956" classname="c2info_ElMob.SalesReturnTC.TC_018_VerifyInvoiceParkingFunctionality"/>
  <testcase name="verifyInvoiceValue" time="75.431" classname="c2info_ElMob.SalesReturnTC.TC_019_VerifyInvoiceValueInSwitchCart"/>
  <testcase name="verifyItemCount" time="77.449" classname="c2info_ElMob.SalesReturnTC.TC_020_VerifyItemCountInSwitchCart"/>
  <testcase name="verifyCustomerName" time="52.684" classname="c2info_ElMob.SalesReturnTC.TC_021_VerifyCustomerNameInSwitchcart"/>
  <testcase name="verifyInvoiceLoading" time="55.615" classname="c2info_ElMob.SalesReturnTC.TC_022_VerifyParkedInvoiceIsLoadedToSalesPage"/>
  <testcase name="verifyInvoiceLoading" time="57.39" classname="c2info_ElMob.SalesReturnTC.TC_023_VerifyParkedInvoiceItemsLoadedToSalescart"/>
  <testcase name="verifyInvoiceLoading" time="59.671" classname="c2info_ElMob.SalesReturnTC.TC_024_VerifyParkedInvoiceByChangingCustomer">
    <failure type="java.lang.AssertionError" message="expected [true] but found [false]">
      <![CDATA[java.lang.AssertionError: expected [true] but found [false]
	at c2info_ElMob.SalesReturnTC.TC_024_VerifyParkedInvoiceByChangingCustomer.verifyInvoiceLoading(TC_024_VerifyParkedInvoiceByChangingCustomer.java:65)
... Removed 29 stack frames]]>
    </failure>
  </testcase> <!-- verifyInvoiceLoading -->
  <testcase name="verifyInvoiceLoading" time="42.715" classname="c2info_ElMob.SalesReturnTC.TC_025_VerifyParkedInvoiceDeletion"/>
  <testcase name="verifyInvoiceLoading" time="82.999" classname="c2info_ElMob.SalesReturnTC.TC_026_VerifyParkedInvoiceByDeletingItems"/>
  <testcase name="verifyInvoiceLoading" time="78.495" classname="c2info_ElMob.SalesReturnTC.TC_027_VerifyParkedInvoiceByAddingItems"/>
  <testcase name="verifyNewBatch" time="14.642" classname="c2info_ElMob.SalesReturnTC.TC_029_VerifyAddBatchFunctionality">
    <failure type="org.openqa.selenium.NoSuchElementException" message="An element could not be located on the page using the given search parameters. (WARNING: The server did not provide any stacktrace information)
Command duration or timeout: 1.39 seconds
For documentation on this error, please visit: http://seleniumhq.org/exceptions/no_such_element.html
Build info: version: &amp;apos;2.53.1&amp;apos;, revision: &amp;apos;a36b8b1cd5757287168e54b817830adce9b0158d&amp;apos;, time: &amp;apos;2016-06-30 19:26:09&amp;apos;
System info: host: &amp;apos;ChethanBidare-pc&amp;apos;, ip: &amp;apos;172.16.18.229&amp;apos;, os.name: &amp;apos;Windows 10&amp;apos;, os.arch: &amp;apos;amd64&amp;apos;, os.version: &amp;apos;10.0&amp;apos;, java.version: &amp;apos;1.8.0_144&amp;apos;
Driver info: io.appium.java_client.android.AndroidDriver
Capabilities [{appPackage=com.c2info.ecolite, deviceScreenSize=720x1280, networkConnectionEnabled=true, warnings={}, databaseEnabled=false, version=5.1, deviceName=IVWCWKRCUSZST85D, platform=LINUX, deviceUDID=IVWCWKRCUSZST85D, appActivity=com.c2info.ecolite.ui.activity.SplashScreenActivity, desired={appPackage=com.c2info.ecolite, appActivity=com.c2info.ecolite.ui.activity.SplashScreenActivity, browserName=ANDROID, platformName=Android, version=5.1, deviceName=ZX1D64CPT2}, platformVersion=5.1, webStorageEnabled=false, locationContextEnabled=false, takesScreenshot=true, browserName=ANDROID, javascriptEnabled=true, deviceModel=LS-6001, platformName=Android, deviceManufacturer=LYF}]
Session ID: 63029b10-c46c-419b-8d23-e028536d2a91
*** Element info: {Using=id, value=com.c2info.ecolite:id/textview_itemname}">
      <![CDATA[org.openqa.selenium.NoSuchElementException: An element could not be located on the page using the given search parameters. (WARNING: The server did not provide any stacktrace information)
Command duration or timeout: 1.39 seconds
For documentation on this error, please visit: http://seleniumhq.org/exceptions/no_such_element.html
Build info: version: '2.53.1', revision: 'a36b8b1cd5757287168e54b817830adce9b0158d', time: '2016-06-30 19:26:09'
System info: host: 'ChethanBidare-pc', ip: '172.16.18.229', os.name: 'Windows 10', os.arch: 'amd64', os.version: '10.0', java.version: '1.8.0_144'
Driver info: io.appium.java_client.android.AndroidDriver
Capabilities [{appPackage=com.c2info.ecolite, deviceScreenSize=720x1280, networkConnectionEnabled=true, warnings={}, databaseEnabled=false, version=5.1, deviceName=IVWCWKRCUSZST85D, platform=LINUX, deviceUDID=IVWCWKRCUSZST85D, appActivity=com.c2info.ecolite.ui.activity.SplashScreenActivity, desired={appPackage=com.c2info.ecolite, appActivity=com.c2info.ecolite.ui.activity.SplashScreenActivity, browserName=ANDROID, platformName=Android, version=5.1, deviceName=ZX1D64CPT2}, platformVersion=5.1, webStorageEnabled=false, locationContextEnabled=false, takesScreenshot=true, browserName=ANDROID, javascriptEnabled=true, deviceModel=LS-6001, platformName=Android, deviceManufacturer=LYF}]
Session ID: 63029b10-c46c-419b-8d23-e028536d2a91
*** Element info: {Using=id, value=com.c2info.ecolite:id/textview_itemname}
	at org.openqa.selenium.remote.ErrorHandler.createThrowable(ErrorHandler.java:206)
	at org.openqa.selenium.remote.ErrorHandler.throwIfResponseFailed(ErrorHandler.java:158)
	at org.openqa.selenium.remote.RemoteWebDriver.execute(RemoteWebDriver.java:678)
	at io.appium.java_client.DefaultGenericMobileDriver.execute(DefaultGenericMobileDriver.java:42)
	at io.appium.java_client.AppiumDriver.execute(AppiumDriver.java:1)
	at io.appium.java_client.android.AndroidDriver.execute(AndroidDriver.java:1)
	at org.openqa.selenium.remote.RemoteWebDriver.findElement(RemoteWebDriver.java:363)
	at org.openqa.selenium.remote.RemoteWebDriver.findElementById(RemoteWebDriver.java:413)
	at io.appium.java_client.DefaultGenericMobileDriver.findElementById(DefaultGenericMobileDriver.java:62)
	at io.appium.java_client.AppiumDriver.findElementById(AppiumDriver.java:1)
	at io.appium.java_client.android.AndroidDriver.findElementById(AndroidDriver.java:1)
	at org.openqa.selenium.By$ById.findElement(By.java:218)
	at org.openqa.selenium.remote.RemoteWebDriver.findElement(RemoteWebDriver.java:355)
	at io.appium.java_client.DefaultGenericMobileDriver.findElement(DefaultGenericMobileDriver.java:52)
	at io.appium.java_client.AppiumDriver.findElement(AppiumDriver.java:1)
	at io.appium.java_client.android.AndroidDriver.findElement(AndroidDriver.java:1)
	at c2info_ElMob.UI_Actions.Sales.clickOnSearchedItem(Sales.java:174)
	at c2info_ElMob.SalesReturnTC.TC_029_VerifyAddBatchFunctionality.verifyNewBatch(TC_029_VerifyAddBatchFunctionality.java:34)
... Removed 28 stack frames]]>
    </failure>
  </testcase> <!-- verifyNewBatch -->
  <testcase name="qtyChangeOnUpdate" time="43.948" classname="c2info_ElMob.SalesReturnTC.TC_030_VerifyQtyChangeOnUpdate"/>
  <testcase name="verifyStockAfterSaleReturn" time="15.516" classname="c2info_ElMob.SalesReturnTC.TC_001_VerifyStockAfterSaleReturn">
    <failure type="java.lang.NullPointerException">
      <![CDATA[java.lang.NullPointerException
	at c2info_ElMob.SalesReturnTC.TC_001_VerifyStockAfterSaleReturn.verifyStockAfterSaleReturn(TC_001_VerifyStockAfterSaleReturn.java:39)
... Removed 25 stack frames]]>
    </failure>
  </testcase> <!-- verifyStockAfterSaleReturn -->
  <testcase name="verifyMultipleItemDiscInCheckOutPage" time="1.308" classname="c2info_ElMob.SalesReturnTC.TC_006_VerifyDiscountForMultipleItems">
    <failure type="org.openqa.selenium.NoSuchElementException" message="Can&amp;apos;t locate an element by this strategy: By.id: com.c2info.ecolite:id/button_get_payment
For documentation on this error, please visit: http://seleniumhq.org/exceptions/no_such_element.html
Build info: version: &amp;apos;2.53.1&amp;apos;, revision: &amp;apos;a36b8b1cd5757287168e54b817830adce9b0158d&amp;apos;, time: &amp;apos;2016-06-30 19:26:09&amp;apos;
System info: host: &amp;apos;ChethanBidare-pc&amp;apos;, ip: &amp;apos;172.16.18.229&amp;apos;, os.name: &amp;apos;Windows 10&amp;apos;, os.arch: &amp;apos;amd64&amp;apos;, os.version: &amp;apos;10.0&amp;apos;, java.version: &amp;apos;1.8.0_144&amp;apos;
Driver info: driver.version: unknown">
      <![CDATA[org.openqa.selenium.NoSuchElementException: Can't locate an element by this strategy: By.id: com.c2info.ecolite:id/button_get_payment
For documentation on this error, please visit: http://seleniumhq.org/exceptions/no_such_element.html
Build info: version: '2.53.1', revision: 'a36b8b1cd5757287168e54b817830adce9b0158d', time: '2016-06-30 19:26:09'
System info: host: 'ChethanBidare-pc', ip: '172.16.18.229', os.name: 'Windows 10', os.arch: 'amd64', os.version: '10.0', java.version: '1.8.0_144'
Driver info: driver.version: unknown
	at io.appium.java_client.pagefactory.AppiumElementLocator.findElement(AppiumElementLocator.java:152)
	at io.appium.java_client.pagefactory.interceptors.InterceptorOfASingleElement.intercept(InterceptorOfASingleElement.java:51)
	at io.appium.java_client.android.AndroidElement$$EnhancerByCGLIB$$d0561da7.click(<generated>)
	at c2info_ElMob.UI_Actions.SalesCartPage.clickOnGetPayment(SalesCartPage.java:149)
	at c2info_ElMob.SalesReturnTC.TC_006_VerifyDiscountForMultipleItems.verifyMultipleItemDiscInCheckOutPage(TC_006_VerifyDiscountForMultipleItems.java:74)
... Removed 25 stack frames]]>
    </failure>
  </testcase> <!-- verifyMultipleItemDiscInCheckOutPage -->
  <testcase name="verifyTaxFrMultipleItems" time="1.356" classname="c2info_ElMob.SalesReturnTC.TC_008_VerifyTaxCalculationItemWise">
    <failure type="org.openqa.selenium.NoSuchElementException" message="Can&amp;apos;t locate an element by this strategy: By.id: com.c2info.ecolite:id/button_new_sale
For documentation on this error, please visit: http://seleniumhq.org/exceptions/no_such_element.html
Build info: version: &amp;apos;2.53.1&amp;apos;, revision: &amp;apos;a36b8b1cd5757287168e54b817830adce9b0158d&amp;apos;, time: &amp;apos;2016-06-30 19:26:09&amp;apos;
System info: host: &amp;apos;ChethanBidare-pc&amp;apos;, ip: &amp;apos;172.16.18.229&amp;apos;, os.name: &amp;apos;Windows 10&amp;apos;, os.arch: &amp;apos;amd64&amp;apos;, os.version: &amp;apos;10.0&amp;apos;, java.version: &amp;apos;1.8.0_144&amp;apos;
Driver info: driver.version: unknown">
      <![CDATA[org.openqa.selenium.NoSuchElementException: Can't locate an element by this strategy: By.id: com.c2info.ecolite:id/button_new_sale
For documentation on this error, please visit: http://seleniumhq.org/exceptions/no_such_element.html
Build info: version: '2.53.1', revision: 'a36b8b1cd5757287168e54b817830adce9b0158d', time: '2016-06-30 19:26:09'
System info: host: 'ChethanBidare-pc', ip: '172.16.18.229', os.name: 'Windows 10', os.arch: 'amd64', os.version: '10.0', java.version: '1.8.0_144'
Driver info: driver.version: unknown
	at io.appium.java_client.pagefactory.AppiumElementLocator.findElement(AppiumElementLocator.java:152)
	at io.appium.java_client.pagefactory.interceptors.InterceptorOfASingleElement.intercept(InterceptorOfASingleElement.java:51)
	at io.appium.java_client.android.AndroidElement$$EnhancerByCGLIB$$d0561da7.click(<generated>)
	at c2info_ElMob.UI_Actions.CheckOutPage.clickOnNewSaleButton(CheckOutPage.java:230)
	at c2info_ElMob.SalesReturnTC.TC_008_VerifyTaxCalculationItemWise.verifyTaxFrMultipleItems(TC_008_VerifyTaxCalculationItemWise.java:66)
... Removed 25 stack frames]]>
    </failure>
  </testcase> <!-- verifyTaxFrMultipleItems -->
  <testcase name="verifyMultipleItemDiscInSuccessPage" time="1.672" classname="c2info_ElMob.SalesReturnTC.TC_006_VerifyDiscountForMultipleItems">
    <failure type="org.openqa.selenium.NoSuchElementException" message="Can&amp;apos;t locate an element by this strategy: By.id: com.c2info.ecolite:id/button_get_payment
For documentation on this error, please visit: http://seleniumhq.org/exceptions/no_such_element.html
Build info: version: &amp;apos;2.53.1&amp;apos;, revision: &amp;apos;a36b8b1cd5757287168e54b817830adce9b0158d&amp;apos;, time: &amp;apos;2016-06-30 19:26:09&amp;apos;
System info: host: &amp;apos;ChethanBidare-pc&amp;apos;, ip: &amp;apos;172.16.18.229&amp;apos;, os.name: &amp;apos;Windows 10&amp;apos;, os.arch: &amp;apos;amd64&amp;apos;, os.version: &amp;apos;10.0&amp;apos;, java.version: &amp;apos;1.8.0_144&amp;apos;
Driver info: driver.version: unknown">
      <![CDATA[org.openqa.selenium.NoSuchElementException: Can't locate an element by this strategy: By.id: com.c2info.ecolite:id/button_get_payment
For documentation on this error, please visit: http://seleniumhq.org/exceptions/no_such_element.html
Build info: version: '2.53.1', revision: 'a36b8b1cd5757287168e54b817830adce9b0158d', time: '2016-06-30 19:26:09'
System info: host: 'ChethanBidare-pc', ip: '172.16.18.229', os.name: 'Windows 10', os.arch: 'amd64', os.version: '10.0', java.version: '1.8.0_144'
Driver info: driver.version: unknown
	at io.appium.java_client.pagefactory.AppiumElementLocator.findElement(AppiumElementLocator.java:152)
	at io.appium.java_client.pagefactory.interceptors.InterceptorOfASingleElement.intercept(InterceptorOfASingleElement.java:51)
	at io.appium.java_client.android.AndroidElement$$EnhancerByCGLIB$$d0561da7.click(<generated>)
	at c2info_ElMob.UI_Actions.CheckOutPage.clickOnConfirm(CheckOutPage.java:183)
	at c2info_ElMob.SalesReturnTC.TC_006_VerifyDiscountForMultipleItems.verifyMultipleItemDiscInSuccessPage(TC_006_VerifyDiscountForMultipleItems.java:84)
... Removed 25 stack frames]]>
    </failure>
  </testcase> <!-- verifyMultipleItemDiscInSuccessPage -->
</testsuite> <!-- Test -->
