<?xml version="1.0" encoding="UTF-8"?>
<testng-results skipped="0" failed="0" ignored="0" total="1" passed="1">
  <reporter-output>
  </reporter-output>
  <suite name="Default suite" duration-ms="120065" started-at="2018-03-05T10:01:40Z" finished-at="2018-03-05T10:03:40Z">
    <groups>
    </groups>
    <test name="Default test" duration-ms="120065" started-at="2018-03-05T10:01:40Z" finished-at="2018-03-05T10:03:40Z">
      <class name="c2info_ElMob.SalesTC.TC_033_VerifyQtyChangeOnUpdate">
        <test-method status="PASS" signature="openAPP()[pri:0, instance:c2info_ElMob.SalesTC.TC_033_VerifyQtyChangeOnUpdate@60c6f5b]" name="openAPP" is-config="true" duration-ms="77369" started-at="2018-03-05T15:31:40Z" finished-at="2018-03-05T15:32:57Z">
          <reporter-output>
          </reporter-output>
        </test-method> <!-- openAPP -->
        <test-method status="PASS" signature="qtyChangeOnUpdate()[pri:0, instance:c2info_ElMob.SalesTC.TC_033_VerifyQtyChangeOnUpdate@60c6f5b]" name="qtyChangeOnUpdate" duration-ms="42663" started-at="2018-03-05T15:32:57Z" finished-at="2018-03-05T15:33:40Z">
          <reporter-output>
          </reporter-output>
        </test-method> <!-- qtyChangeOnUpdate -->
      </class> <!-- c2info_ElMob.SalesTC.TC_033_VerifyQtyChangeOnUpdate -->
    </test> <!-- Default test -->
  </suite> <!-- Default suite -->
</testng-results>
